<?xml version="1.0" encoding="UTF-8"?>
<!-- Generated by org.testng.reporters.JUnitReportReporter -->
<testsuite skipped="0" hostname="DESKTOP-E9AFF41" name="tests.HomePageTest" tests="3" failures="0" timestamp="30 Oct 2019 16:46:28 GMT" time="17.540" errors="0">
  <testcase name="firstTest" time="5.686" classname="tests.HomePageTest"/>
  <testcase name="firstTest" time="5.689" classname="tests.HomePageTest"/>
  <testcase name="firstTest" time="6.165" classname="tests.HomePageTest"/>
</testsuite> <!-- tests.HomePageTest -->
