<?xml version="1.0" encoding="UTF-8"?>
<!-- Generated by org.testng.reporters.JUnitReportReporter -->
<testsuite skipped="0" hostname="DESKTOP-E9AFF41" name="tests.HomePageTest" tests="3" failures="0" timestamp="22 Oct 2019 16:45:46 GMT" time="20.662" errors="0">
  <testcase name="firstTest" time="6.893" classname="tests.HomePageTest"/>
  <testcase name="firstTest" time="6.880" classname="tests.HomePageTest"/>
  <testcase name="firstTest" time="6.889" classname="tests.HomePageTest"/>
</testsuite> <!-- tests.HomePageTest -->
